<?xml version="1.0" encoding="UTF-8"?>
<testsuite name="com.example.board.BoardApplicationTests" tests="1" skipped="0" failures="0" errors="0" timestamp="2025-03-27T10:07:10.190Z" hostname="DESKTOP-DKL0MS9" time="0.206">
  <properties/>
  <testcase name="contextLoads()" classname="com.example.board.BoardApplicationTests" time="0.206"/>
  <system-out><![CDATA[19:07:09.214 [Test worker] DEBUG org.springframework.test.context.BootstrapUtils - Instantiating CacheAwareContextLoaderDelegate from class [org.springframework.test.context.cache.DefaultCacheAwareContextLoaderDelegate]
19:07:09.221 [Test worker] DEBUG org.springframework.test.context.BootstrapUtils - Instantiating BootstrapContext using constructor [public org.springframework.test.context.support.DefaultBootstrapContext(java.lang.Class,org.springframework.test.context.CacheAwareContextLoaderDelegate)]
19:07:09.238 [Test worker] DEBUG org.springframework.test.context.BootstrapUtils - Instantiating TestContextBootstrapper for test class [com.example.board.BoardApplicationTests] from class [org.springframework.boot.test.context.SpringBootTestContextBootstrapper]
19:07:09.244 [Test worker] INFO org.springframework.boot.test.context.SpringBootTestContextBootstrapper - Neither @ContextConfiguration nor @ContextHierarchy found for test class [com.example.board.BoardApplicationTests], using SpringBootContextLoader
19:07:09.246 [Test worker] DEBUG org.springframework.test.context.support.AbstractContextLoader - Did not detect default resource location for test class [com.example.board.BoardApplicationTests]: class path resource [com/example/board/BoardApplicationTests-context.xml] does not exist
19:07:09.246 [Test worker] DEBUG org.springframework.test.context.support.AbstractContextLoader - Did not detect default resource location for test class [com.example.board.BoardApplicationTests]: class path resource [com/example/board/BoardApplicationTestsContext.groovy] does not exist
19:07:09.246 [Test worker] INFO org.springframework.test.context.support.AbstractContextLoader - Could not detect default resource locations for test class [com.example.board.BoardApplicationTests]: no resource found for suffixes {-context.xml, Context.groovy}.
19:07:09.247 [Test worker] INFO org.springframework.test.context.support.AnnotationConfigContextLoaderUtils - Could not detect default configuration classes for test class [com.example.board.BoardApplicationTests]: BoardApplicationTests does not declare any static, non-private, non-final, nested classes annotated with @Configuration.
19:07:09.269 [Test worker] DEBUG org.springframework.test.context.support.ActiveProfilesUtils - Could not find an 'annotation declaring class' for annotation type [org.springframework.test.context.ActiveProfiles] and class [com.example.board.BoardApplicationTests]
19:07:09.298 [Test worker] DEBUG org.springframework.context.annotation.ClassPathScanningCandidateComponentProvider - Identified candidate component class: file [C:\workspace\ori\Board\build\classes\java\main\com\example\board\BoardApplication.class]
19:07:09.299 [Test worker] INFO org.springframework.boot.test.context.SpringBootTestContextBootstrapper - Found @SpringBootConfiguration com.example.board.BoardApplication for test class com.example.board.BoardApplicationTests
19:07:09.360 [Test worker] DEBUG org.springframework.boot.test.context.SpringBootTestContextBootstrapper - @TestExecutionListeners is not present for class [com.example.board.BoardApplicationTests]: using defaults.
19:07:09.360 [Test worker] INFO org.springframework.boot.test.context.SpringBootTestContextBootstrapper - Loaded default TestExecutionListener class names from location [META-INF/spring.factories]: [org.springframework.boot.test.autoconfigure.restdocs.RestDocsTestExecutionListener, org.springframework.boot.test.autoconfigure.web.client.MockRestServiceServerResetTestExecutionListener, org.springframework.boot.test.autoconfigure.web.servlet.MockMvcPrintOnlyOnFailureTestExecutionListener, org.springframework.boot.test.autoconfigure.web.servlet.WebDriverTestExecutionListener, org.springframework.boot.test.autoconfigure.webservices.client.MockWebServiceServerTestExecutionListener, org.springframework.boot.test.mock.mockito.MockitoTestExecutionListener, org.springframework.boot.test.mock.mockito.ResetMocksTestExecutionListener, org.springframework.test.context.web.ServletTestExecutionListener, org.springframework.test.context.support.DirtiesContextBeforeModesTestExecutionListener, org.springframework.test.context.event.ApplicationEventsTestExecutionListener, org.springframework.test.context.support.DependencyInjectionTestExecutionListener, org.springframework.test.context.support.DirtiesContextTestExecutionListener, org.springframework.test.context.transaction.TransactionalTestExecutionListener, org.springframework.test.context.jdbc.SqlScriptsTestExecutionListener, org.springframework.test.context.event.EventPublishingTestExecutionListener]
19:07:09.366 [Test worker] DEBUG org.springframework.boot.test.context.SpringBootTestContextBootstrapper - Skipping candidate TestExecutionListener [org.springframework.test.context.transaction.TransactionalTestExecutionListener] due to a missing dependency. Specify custom listener classes or make the default listener classes and their required dependencies available. Offending class: [org/springframework/transaction/interceptor/TransactionAttributeSource]
19:07:09.367 [Test worker] DEBUG org.springframework.boot.test.context.SpringBootTestContextBootstrapper - Skipping candidate TestExecutionListener [org.springframework.test.context.jdbc.SqlScriptsTestExecutionListener] due to a missing dependency. Specify custom listener classes or make the default listener classes and their required dependencies available. Offending class: [org/springframework/transaction/interceptor/TransactionAttribute]
19:07:09.367 [Test worker] INFO org.springframework.boot.test.context.SpringBootTestContextBootstrapper - Using TestExecutionListeners: [org.springframework.test.context.web.ServletTestExecutionListener@7692cd34, org.springframework.test.context.support.DirtiesContextBeforeModesTestExecutionListener@33aa93c, org.springframework.test.context.event.ApplicationEventsTestExecutionListener@32c0915e, org.springframework.boot.test.mock.mockito.MockitoTestExecutionListener@106faf11, org.springframework.boot.test.autoconfigure.SpringBootDependencyInjectionTestExecutionListener@70f43b45, org.springframework.test.context.support.DirtiesContextTestExecutionListener@26d10f2e, org.springframework.test.context.event.EventPublishingTestExecutionListener@10ad20cb, org.springframework.boot.test.autoconfigure.restdocs.RestDocsTestExecutionListener@7dd712e8, org.springframework.boot.test.autoconfigure.web.client.MockRestServiceServerResetTestExecutionListener@2c282004, org.springframework.boot.test.autoconfigure.web.servlet.MockMvcPrintOnlyOnFailureTestExecutionListener@22ee2d0, org.springframework.boot.test.autoconfigure.web.servlet.WebDriverTestExecutionListener@7bfc3126, org.springframework.boot.test.autoconfigure.webservices.client.MockWebServiceServerTestExecutionListener@3e792ce3, org.springframework.boot.test.mock.mockito.ResetMocksTestExecutionListener@53bc1328]
19:07:09.369 [Test worker] DEBUG org.springframework.test.context.support.AbstractDirtiesContextTestExecutionListener - Before test class: context [DefaultTestContext@3a71c100 testClass = BoardApplicationTests, testInstance = [null], testMethod = [null], testException = [null], mergedContextConfiguration = [WebMergedContextConfiguration@5b69fd74 testClass = BoardApplicationTests, locations = '{}', classes = '{class com.example.board.BoardApplication}', contextInitializerClasses = '[]', activeProfiles = '{}', propertySourceLocations = '{}', propertySourceProperties = '{org.springframework.boot.test.context.SpringBootTestContextBootstrapper=true}', contextCustomizers = set[org.springframework.boot.test.autoconfigure.actuate.metrics.MetricsExportContextCustomizerFactory$DisableMetricExportContextCustomizer@4bef0fe3, org.springframework.boot.test.autoconfigure.properties.PropertyMappingContextCustomizer@0, org.springframework.boot.test.autoconfigure.web.servlet.WebDriverContextCustomizerFactory$Customizer@1dd0e7c4, org.springframework.boot.test.context.filter.ExcludeFilterContextCustomizer@242aa8d9, org.springframework.boot.test.json.DuplicateJsonObjectContextCustomizerFactory$DuplicateJsonObjectContextCustomizer@4721d212, org.springframework.boot.test.mock.mockito.MockitoContextCustomizer@0, org.springframework.boot.test.web.client.TestRestTemplateContextCustomizer@4c37b5b, org.springframework.boot.test.context.SpringBootTestArgs@1, org.springframework.boot.test.context.SpringBootTestWebEnvironment@26df6e3a], resourceBasePath = 'src/main/webapp', contextLoader = 'org.springframework.boot.test.context.SpringBootContextLoader', parent = [null]], attributes = map['org.springframework.test.context.web.ServletTestExecutionListener.activateListener' -> true]], class annotated with @DirtiesContext [false] with mode [null].

  .   ____          _            __ _ _
 /\\ / ___'_ __ _ _(_)_ __  __ _ \ \ \ \
( ( )\___ | '_ | '_| | '_ \/ _` | \ \ \ \
 \\/  ___)| |_)| | | | | || (_| |  ) ) ) )
  '  |____| .__|_| |_|_| |_\__, | / / / /
 =========|_|==============|___/=/_/_/_/
 :: Spring Boot ::                (v2.7.5)

2025-03-27 19:07:09.519  INFO 17508 --- [    Test worker] com.example.board.BoardApplicationTests  : Starting BoardApplicationTests using Java 11.0.26 on DESKTOP-DKL0MS9 with PID 17508 (started by user in C:\workspace\ori\Board)
2025-03-27 19:07:09.520  INFO 17508 --- [    Test worker] com.example.board.BoardApplicationTests  : No active profile set, falling back to 1 default profile: "default"
2025-03-27 19:07:10.181  INFO 17508 --- [    Test worker] com.example.board.BoardApplicationTests  : Started BoardApplicationTests in 0.793 seconds (JVM running for 1.417)
]]></system-out>
  <system-err><![CDATA[]]></system-err>
</testsuite>
